
Request: GET /list/debts at Sun Jun 26 2022 14:08:36 GMT-0300, IP: ::1, User Agent: Mozilla/5.0 (Windows NT 10.0; Win64; x64) AppleWebKit/537.36 (KHTML, like Gecko) Chrome/102.0.0.0 Safari/537.36
Response Body:
{
	"result": []
}
Response: 304 58.214 ms 

Request: GET /list/user at Sun Jun 26 2022 14:08:36 GMT-0300, IP: ::1, User Agent: Mozilla/5.0 (Windows NT 10.0; Win64; x64) AppleWebKit/537.36 (KHTML, like Gecko) Chrome/102.0.0.0 Safari/537.36
Response Body:
{
	"user": [
		{
			"_id": "62a8b84d60cead001681945f",
			"name": "Edison Trajano da Silva",
			"email": "edison.trajanosilva@gmail.com",
			"__v": 0
		},
		{
			"_id": "62b07d51516cc90016ae2f4c",
			"name": "Donizete Silva",
			"email": "doni2545.ds@gmail.com",
			"__v": 0
		},
		{
			"_id": "62b3a6aa9010060016d55c36",
			"name": "Fefao",
			"email": "fefao@fefao.com",
			"__v": 0
		},
		{
			"_id": "62b44d0c81e98f0016def220",
			"name": "nnj",
			"email": "n@i.com",
			"__v": 0
		},
		{
			"_id": "62b44d0b81e98f0016def21f",
			"name": "nnj",
			"email": "n@i.com",
			"__v": 0
		},
		{
			"_id": "62b44d2a81e98f0016def221",
			"name": "jj",
			"email": "jj@j.com",
			"__v": 0
		},
		{
			"_id": "62b4c44778f0b369b0261555",
			"name": "Danilo",
			"email": "danilo@gmail.com",
			"__v": 0
		}
	]
}
Response: 304 180.475 ms 

Request: GET /list/revenues at Sun Jun 26 2022 14:08:36 GMT-0300, IP: ::1, User Agent: Mozilla/5.0 (Windows NT 10.0; Win64; x64) AppleWebKit/537.36 (KHTML, like Gecko) Chrome/102.0.0.0 Safari/537.36
Response Body:
{
	"result": []
}
Response: 304 189.208 ms 

Request: GET /list/debts at Sun Jun 26 2022 14:08:37 GMT-0300, IP: ::1, User Agent: Mozilla/5.0 (Windows NT 10.0; Win64; x64) AppleWebKit/537.36 (KHTML, like Gecko) Chrome/102.0.0.0 Safari/537.36
Response Body:
{
	"result": []
}
Response: 304 253.038 ms 

Request: GET /user/62a8b84d60cead001681945f at Sun Jun 26 2022 14:08:37 GMT-0300, IP: ::1, User Agent: Mozilla/5.0 (Windows NT 10.0; Win64; x64) AppleWebKit/537.36 (KHTML, like Gecko) Chrome/102.0.0.0 Safari/537.36
Response Body:
{
	"user": {
		"_id": "62a8b84d60cead001681945f",
		"name": "Edison Trajano da Silva",
		"email": "edison.trajanosilva@gmail.com",
		"__v": 0
	}
}
Response: 304 111.022 ms 

Request: GET /list/debts at Sun Jun 26 2022 14:08:40 GMT-0300, IP: ::1, User Agent: Mozilla/5.0 (Windows NT 10.0; Win64; x64) AppleWebKit/537.36 (KHTML, like Gecko) Chrome/102.0.0.0 Safari/537.36
Response Body:
{
	"result": []
}
Response: 304 27.688 ms 

Request: GET /list/revenues at Sun Jun 26 2022 14:08:40 GMT-0300, IP: ::1, User Agent: Mozilla/5.0 (Windows NT 10.0; Win64; x64) AppleWebKit/537.36 (KHTML, like Gecko) Chrome/102.0.0.0 Safari/537.36
Response Body:
{
	"result": []
}
Response: 304 30.038 ms 

Request: GET /list/revenues at Sun Jun 26 2022 14:08:44 GMT-0300, IP: ::1, User Agent: Mozilla/5.0 (Windows NT 10.0; Win64; x64) AppleWebKit/537.36 (KHTML, like Gecko) Chrome/102.0.0.0 Safari/537.36
Response Body:
{
	"result": []
}
Response: 304 20.652 ms 

Request: GET /list/debts at Sun Jun 26 2022 14:08:44 GMT-0300, IP: ::1, User Agent: Mozilla/5.0 (Windows NT 10.0; Win64; x64) AppleWebKit/537.36 (KHTML, like Gecko) Chrome/102.0.0.0 Safari/537.36
Response Body:
{
	"result": []
}
Response: 304 33.882 ms 

Request: GET /list/revenues at Sun Jun 26 2022 14:08:48 GMT-0300, IP: ::1, User Agent: Mozilla/5.0 (Windows NT 10.0; Win64; x64) AppleWebKit/537.36 (KHTML, like Gecko) Chrome/102.0.0.0 Safari/537.36
Response Body:
{
	"result": []
}
Response: 304 23.411 ms 

Request: GET /list/debts at Sun Jun 26 2022 14:08:48 GMT-0300, IP: ::1, User Agent: Mozilla/5.0 (Windows NT 10.0; Win64; x64) AppleWebKit/537.36 (KHTML, like Gecko) Chrome/102.0.0.0 Safari/537.36
Response Body:
{
	"result": []
}
Response: 304 45.040 ms 

Request: GET /list/revenues at Sun Jun 26 2022 14:08:48 GMT-0300, IP: ::1, User Agent: Mozilla/5.0 (Windows NT 10.0; Win64; x64) AppleWebKit/537.36 (KHTML, like Gecko) Chrome/102.0.0.0 Safari/537.36
Response Body:
{
	"result": []
}
Response: 304 19.662 ms 

Request: GET /list/revenues at Sun Jun 26 2022 14:08:48 GMT-0300, IP: ::1, User Agent: Mozilla/5.0 (Windows NT 10.0; Win64; x64) AppleWebKit/537.36 (KHTML, like Gecko) Chrome/102.0.0.0 Safari/537.36
Response Body:
{
	"result": []
}
Response: 304 18.706 ms 

Request: GET /list/revenues at Sun Jun 26 2022 14:08:48 GMT-0300, IP: ::1, User Agent: Mozilla/5.0 (Windows NT 10.0; Win64; x64) AppleWebKit/537.36 (KHTML, like Gecko) Chrome/102.0.0.0 Safari/537.36
Response Body:
{
	"result": []
}
Response: 304 18.209 ms 

Request: GET /list/revenues at Sun Jun 26 2022 14:08:48 GMT-0300, IP: ::1, User Agent: Mozilla/5.0 (Windows NT 10.0; Win64; x64) AppleWebKit/537.36 (KHTML, like Gecko) Chrome/102.0.0.0 Safari/537.36
Response Body:
{
	"result": []
}
Response: 304 20.155 ms 

Request: GET /list/revenues at Sun Jun 26 2022 14:08:48 GMT-0300, IP: ::1, User Agent: Mozilla/5.0 (Windows NT 10.0; Win64; x64) AppleWebKit/537.36 (KHTML, like Gecko) Chrome/102.0.0.0 Safari/537.36
Response Body:
{
	"result": []
}
Response: 304 20.044 ms 

Request: GET /list/revenues at Sun Jun 26 2022 14:08:48 GMT-0300, IP: ::1, User Agent: Mozilla/5.0 (Windows NT 10.0; Win64; x64) AppleWebKit/537.36 (KHTML, like Gecko) Chrome/102.0.0.0 Safari/537.36
Response Body:
{
	"result": []
}
Response: 304 24.456 ms 

Request: GET /list/revenues at Sun Jun 26 2022 14:13:27 GMT-0300, IP: ::1, User Agent: Mozilla/5.0 (Windows NT 10.0; Win64; x64) AppleWebKit/537.36 (KHTML, like Gecko) Chrome/102.0.0.0 Safari/537.36
Response Body:
{
	"result": []
}
Response: 304 21.040 ms 

Request: GET /list/debts at Sun Jun 26 2022 14:13:39 GMT-0300, IP: ::1, User Agent: Mozilla/5.0 (Windows NT 10.0; Win64; x64) AppleWebKit/537.36 (KHTML, like Gecko) Chrome/102.0.0.0 Safari/537.36
Response Body:
{
	"result": []
}
Response: 304 34.027 ms 

Request: GET /list/debts at Sun Jun 26 2022 14:13:44 GMT-0300, IP: ::1, User Agent: Mozilla/5.0 (Windows NT 10.0; Win64; x64) AppleWebKit/537.36 (KHTML, like Gecko) Chrome/102.0.0.0 Safari/537.36
Response Body:
{
	"result": []
}
Response: 304 36.601 ms 

Request: GET /list/debts at Sun Jun 26 2022 14:13:49 GMT-0300, IP: ::1, User Agent: Mozilla/5.0 (Windows NT 10.0; Win64; x64) AppleWebKit/537.36 (KHTML, like Gecko) Chrome/102.0.0.0 Safari/537.36
Response Body:
{
	"result": []
}
Response: 304 43.601 ms 
